<?xml version="1.0" encoding="UTF-8"?>
<!-- Generated by org.testng.reporters.JUnitReportReporter -->
<testsuite hostname="LAPTOP-QLG12OJ4" failures="0" tests="1" name="com.lambdatest.automation.HiddenElements" time="7.249" errors="0" timestamp="2022-12-12T15:39:00 IST" skipped="0">
  <testcase classname="com.lambdatest.automation.HiddenElements" name="hiddenElementsDemo" time="7.249"/>
  <system-out/>
</testsuite> <!-- com.lambdatest.automation.HiddenElements -->
